<?xml version="1.0" encoding="UTF-8"?>
<!-- Generated by org.testng.reporters.JUnitXMLReporter -->
<testsuite ignored="0" hostname="ISCHLAPHP21792" failures="1" tests="3" name="ErrorValidations" time="61.742" errors="0" timestamp="2024-07-02T13:01:52 IST">
  <testcase classname="SelfLearning.tests.ErrorValidations" name="LoginErrorValidation" time="3.526">
    <skipped/>
  </testcase> <!-- LoginErrorValidation -->
  <testcase classname="SelfLearning.tests.ErrorValidations" name="LoginErrorValidation" time="1.196">
    <failure type="java.lang.AssertionError" message="expected [null] but found [Incorrect email or password]">
      <![CDATA[java.lang.AssertionError: expected [null] but found [Incorrect email or password]
at SelfLearning.tests.ErrorValidations.LoginErrorValidation(ErrorValidations.java:23)
at java.base/java.util.ArrayList.forEach(ArrayList.java:1511)
at java.base/java.util.concurrent.FutureTask.run(FutureTask.java:264)
at java.base/java.util.concurrent.ThreadPoolExecutor.runWorker(ThreadPoolExecutor.java:1136)
at java.base/java.util.concurrent.ThreadPoolExecutor$Worker.run(ThreadPoolExecutor.java:635)
at java.base/java.lang.Thread.run(Thread.java:840)
... Removed 23 stack frames]]>
    </failure>
  </testcase> <!-- LoginErrorValidation -->
  <testcase classname="SelfLearning.tests.ErrorValidations" name="ProductErrorValidation" time="22.316"/>
</testsuite> <!-- ErrorValidations -->
